[2026-02-12 01:55:54] TYPE: PURCHASE | PLAYER: NexusLBC (9ae22cb0-438f-4dea-8318-cf8a0c296fc9) | ITEM: Random Cobblemon Item (cobblemon:*) | QTY: 1 | TOTAL: 1003 ₽
[2026-02-12 16:11:33] TYPE: PURCHASE | PLAYER: SxnnyWery (11e5d51c-433a-4a9d-98a6-58ba44e8af18) | ITEM: Poké Ball (cobblemon:poke_ball) | QTY: 1 | TOTAL: 200 ₽
[2026-02-12 16:11:33] TYPE: PURCHASE | PLAYER: SxnnyWery (11e5d51c-433a-4a9d-98a6-58ba44e8af18) | ITEM: Poké Ball (cobblemon:poke_ball) | QTY: 1 | TOTAL: 200 ₽
[2026-02-12 16:56:31] TYPE: PURCHASE | PLAYER: SxnnyWery (11e5d51c-433a-4a9d-98a6-58ba44e8af18) | ITEM: Poké Ball (cobblemon:poke_ball) | QTY: 1 | TOTAL: 200 ₽
[2026-02-12 16:56:31] TYPE: PURCHASE | PLAYER: SxnnyWery (11e5d51c-433a-4a9d-98a6-58ba44e8af18) | ITEM: Poké Ball (cobblemon:poke_ball) | QTY: 1 | TOTAL: 200 ₽
[2026-02-12 16:56:31] TYPE: PURCHASE | PLAYER: SxnnyWery (11e5d51c-433a-4a9d-98a6-58ba44e8af18) | ITEM: Poké Ball (cobblemon:poke_ball) | QTY: 1 | TOTAL: 200 ₽
[2026-02-13 00:43:19] TYPE: PURCHASE | PLAYER: NexusLBC (9ae22cb0-438f-4dea-8318-cf8a0c296fc9) | ITEM: Chasse (Quête) (academy:hunt) | QTY: 1 | TOTAL: 100 ₽
[2026-02-13 02:20:49] TYPE: PURCHASE | PLAYER: MyNameIsDynosaur (889d96e0-9436-4b67-b7e2-cb74e2553344) | ITEM: PokéNav (cobblenav:pokenav_item_base) | QTY: 1 | TOTAL: 7500 ₽
[2026-02-14 16:06:24] TYPE: PURCHASE | PLAYER: Syl66 (19d0b916-fa84-40fb-a931-5281bd10f101) | ITEM: Chasse (Quête) (academy:hunt) | QTY: 1 | TOTAL: 100 ₽
[2026-02-14 16:06:41] TYPE: PURCHASE | PLAYER: Syl66 (19d0b916-fa84-40fb-a931-5281bd10f101) | ITEM: PokéNav (cobblenav:pokenav_item_base) | QTY: 1 | TOTAL: 7500 ₽
[2026-02-14 16:07:02] TYPE: PURCHASE | PLAYER: Syl66 (19d0b916-fa84-40fb-a931-5281bd10f101) | ITEM: PokéFinder (cobblenav:pokefinder_item_red) | QTY: 1 | TOTAL: 7500 ₽
[2026-02-14 19:10:22] TYPE: PURCHASE | PLAYER: zT_PsyKozZ (31848224-380b-4ab0-8a04-d44c56e9f42c) | ITEM: PokéNav (cobblenav:pokenav_item_base) | QTY: 1 | TOTAL: 7500 ₽
[2026-02-14 20:11:30] TYPE: PURCHASE | PLAYER: laitlait2 (0cad9bae-0152-409c-855f-d53a5e8718c9) | ITEM: Max Revive (cobblemon:max_revive) | QTY: 1 | TOTAL: 4000 ₽
[2026-02-14 22:18:54] TYPE: PURCHASE | PLAYER: SxnnyWery (11e5d51c-433a-4a9d-98a6-58ba44e8af18) | ITEM: Max Revive (cobblemon:max_revive) | QTY: 1 | TOTAL: 4000 ₽
[2026-02-15 02:28:29] TYPE: PURCHASE | PLAYER: MyNameIsDynosaur (889d96e0-9436-4b67-b7e2-cb74e2553344) | ITEM: Boussole de Biomes (naturescompass:naturescompass) | QTY: 1 | TOTAL: 7500 ₽
[2026-02-15 02:28:34] TYPE: PURCHASE | PLAYER: MyNameIsDynosaur (889d96e0-9436-4b67-b7e2-cb74e2553344) | ITEM: Max Revive (cobblemon:max_revive) | QTY: 1 | TOTAL: 4000 ₽
[2026-02-15 13:51:51] TYPE: PURCHASE | PLAYER: NexusLBC (9ae22cb0-438f-4dea-8318-cf8a0c296fc9) | ITEM: Boussole de Biomes (naturescompass:naturescompass) | QTY: 1 | TOTAL: 7500 ₽
[2026-02-15 23:48:55] TYPE: PURCHASE | PLAYER: MyNameIsDynosaur (889d96e0-9436-4b67-b7e2-cb74e2553344) | ITEM: PêcheNav (cobblenav:fishingnav_item) | QTY: 1 | TOTAL: 7500 ₽
[2026-02-16 00:43:09] TYPE: PURCHASE | PLAYER: zT_PsyKozZ (31848224-380b-4ab0-8a04-d44c56e9f42c) | ITEM: PokéFinder (cobblenav:pokefinder_item_red) | QTY: 1 | TOTAL: 7500 ₽
[2026-02-16 00:43:25] TYPE: PURCHASE | PLAYER: zT_PsyKozZ (31848224-380b-4ab0-8a04-d44c56e9f42c) | ITEM: PêcheNav (cobblenav:fishingnav_item) | QTY: 1 | TOTAL: 7500 ₽
[2026-02-18 11:51:01] TYPE: PURCHASE | PLAYER: NexusLBC (9ae22cb0-438f-4dea-8318-cf8a0c296fc9) | ITEM: Riz Zélé (cobblemon:hearty_grains) | QTY: 1 | TOTAL: 2000 ₽
[2026-02-19 00:16:46] TYPE: PURCHASE | PLAYER: NexusLBC (9ae22cb0-438f-4dea-8318-cf8a0c296fc9) | ITEM: Bracelet Mega (cobblemon:mega_bracelet) | QTY: 1 | TOTAL: 8000 ₽
[2026-02-20 08:32:36] TYPE: PURCHASE | PLAYER: MyNameIsDynosaur (889d96e0-9436-4b67-b7e2-cb74e2553344) | ITEM: Bracelet Mega (cobblemon:mega_bracelet) | QTY: 1 | TOTAL: 8000 ₽
[2026-02-20 14:29:49] TYPE: PURCHASE | PLAYER: Mattou__ (1152a937-a59c-4d2b-84f5-86fbd1aba780) | ITEM: Max Revive (cobblemon:max_revive) | QTY: 1 | TOTAL: 4000 ₽
[2026-02-20 14:41:51] TYPE: PURCHASE | PLAYER: Kallmelio (b54cd27b-0a77-4005-8c17-1634939ad846) | ITEM: PokéNav (cobblenav:pokenav_item_base) | QTY: 1 | TOTAL: 7500 ₽
[2026-02-20 15:59:18] TYPE: PURCHASE | PLAYER: SxnnyWery (11e5d51c-433a-4a9d-98a6-58ba44e8af18) | ITEM: Riz Zélé (cobblemon:hearty_grains) | QTY: 1 | TOTAL: 2000 ₽
[2026-02-20 15:59:24] TYPE: PURCHASE | PLAYER: SxnnyWery (11e5d51c-433a-4a9d-98a6-58ba44e8af18) | ITEM: Riz Zélé (cobblemon:hearty_grains) | QTY: 1 | TOTAL: 2000 ₽
[2026-02-20 21:44:09] TYPE: PURCHASE | PLAYER: NexusLBC (9ae22cb0-438f-4dea-8318-cf8a0c296fc9) | ITEM: Capsule Ball (fireworkcapsules:ball_capsule) | QTY: 1 | TOTAL: 1000 ₽
[2026-02-20 21:44:11] TYPE: PURCHASE | PLAYER: NexusLBC (9ae22cb0-438f-4dea-8318-cf8a0c296fc9) | ITEM: Capsule Ball (fireworkcapsules:ball_capsule) | QTY: 1 | TOTAL: 1000 ₽
[2026-02-20 21:44:23] TYPE: PURCHASE | PLAYER: NexusLBC (9ae22cb0-438f-4dea-8318-cf8a0c296fc9) | ITEM: Sac Large (cobblemon:large_poke_bag) | QTY: 1 | TOTAL: 5000 ₽
[2026-02-20 21:45:17] TYPE: PURCHASE | PLAYER: NexusLBC (9ae22cb0-438f-4dea-8318-cf8a0c296fc9) | ITEM: Album (academy:card_album) | QTY: 1 | TOTAL: 1000 ₽
[2026-02-21 03:22:57] TYPE: PURCHASE | PLAYER: CaptainZortak (a72da85a-7869-4663-9317-2d19a1823146) | ITEM: Sac Énorme (cobblemon:huge_poke_bag) | QTY: 1 | TOTAL: 8000 ₽
[2026-02-21 03:24:12] TYPE: PURCHASE | PLAYER: CaptainZortak (a72da85a-7869-4663-9317-2d19a1823146) | ITEM: Bracelet Mega (cobblemon:mega_bracelet) | QTY: 1 | TOTAL: 8000 ₽
[2026-02-21 03:24:38] TYPE: PURCHASE | PLAYER: CaptainZortak (a72da85a-7869-4663-9317-2d19a1823146) | ITEM: Bracelet Mega (cobblemon:mega_bracelet) | QTY: 1 | TOTAL: 8000 ₽
[2026-02-21 10:15:10] TYPE: PURCHASE | PLAYER: MyNameIsDynosaur (889d96e0-9436-4b67-b7e2-cb74e2553344) | ITEM: Fossile Chromatique (academy:shiny_fossil) | QTY: 1 | TOTAL: 9000 ₽
[2026-02-21 10:15:10] TYPE: PURCHASE | PLAYER: MyNameIsDynosaur (889d96e0-9436-4b67-b7e2-cb74e2553344) | ITEM: Fossile Chromatique (academy:shiny_fossil) | QTY: 1 | TOTAL: 9000 ₽
[2026-02-21 10:15:19] TYPE: PURCHASE | PLAYER: MyNameIsDynosaur (889d96e0-9436-4b67-b7e2-cb74e2553344) | ITEM: Sticker : Feu (fireworkcapsules:fire_sticker) | QTY: 1 | TOTAL: 400 ₽
[2026-02-21 10:15:53] TYPE: PURCHASE | PLAYER: MyNameIsDynosaur (889d96e0-9436-4b67-b7e2-cb74e2553344) | ITEM: Riz Zélé (cobblemon:hearty_grains) | QTY: 1 | TOTAL: 2000 ₽
[2026-02-21 10:15:53] TYPE: PURCHASE | PLAYER: MyNameIsDynosaur (889d96e0-9436-4b67-b7e2-cb74e2553344) | ITEM: Riz Zélé (cobblemon:hearty_grains) | QTY: 1 | TOTAL: 2000 ₽
[2026-02-22 16:00:27] TYPE: PURCHASE | PLAYER: Kallmelio (b54cd27b-0a77-4005-8c17-1634939ad846) | ITEM: PokéFinder (cobblenav:pokefinder_item_red) | QTY: 1 | TOTAL: 6000 ₽
